RunnerProj/Library/Bee/Android/Prj/Mono2x/Gradle/launcher/build/intermediates/manifest_merge_blame_file/release/manifest-merger-blame-release-report.txt
1<?xml version="1.0" encoding="utf-8"?>
2<manifest xmlns:android="http://schemas.android.com/apk/res/android"
3    package="com.google.firebase.com"
4    android:installLocation="preferExternal"
5    android:versionCode="1"
6    android:versionName="1.0" >
7
8    <uses-sdk
9        android:minSdkVersion="23"
9-->src\main\AndroidManifest.xml
10        android:targetSdkVersion="34" />
10-->src\main\AndroidManifest.xml
11
12    <supports-screens
12-->src\main\AndroidManifest.xml:4:3-163
13        android:anyDensity="true"
13-->src\main\AndroidManifest.xml:4:135-160
14        android:largeScreens="true"
14-->src\main\AndroidManifest.xml:4:78-105
15        android:normalScreens="true"
15-->src\main\AndroidManifest.xml:4:49-77
16        android:smallScreens="true"
16-->src\main\AndroidManifest.xml:4:21-48
17        android:xlargeScreens="true" />
17-->src\main\AndroidManifest.xml:4:106-134
18
19    <uses-permission android:name="android.permission.INTERNET" />
19-->[:unityLibrary] AndroidManifest.xml:10:5-67
19-->[:unityLibrary] AndroidManifest.xml:10:22-64
20
21    <uses-feature android:glEsVersion="0x00030000" />
21-->[:unityLibrary] AndroidManifest.xml:12:5-54
21-->[:unityLibrary] AndroidManifest.xml:12:19-51
22    <uses-feature
22-->[:unityLibrary] AndroidManifest.xml:13:5-15:36
23        android:name="android.hardware.vulkan.version"
23-->[:unityLibrary] AndroidManifest.xml:14:9-55
24        android:required="false" />
24-->[:unityLibrary] AndroidManifest.xml:15:9-33
25    <uses-feature
25-->[:unityLibrary] AndroidManifest.xml:16:5-18:36
26        android:name="android.hardware.touchscreen"
26-->[:unityLibrary] AndroidManifest.xml:17:9-52
27        android:required="false" />
27-->[:unityLibrary] AndroidManifest.xml:18:9-33
28    <uses-feature
28-->[:unityLibrary] AndroidManifest.xml:19:5-21:36
29        android:name="android.hardware.touchscreen.multitouch"
29-->[:unityLibrary] AndroidManifest.xml:20:9-63
30        android:required="false" />
30-->[:unityLibrary] AndroidManifest.xml:21:9-33
31    <uses-feature
31-->[:unityLibrary] AndroidManifest.xml:22:5-24:36
32        android:name="android.hardware.touchscreen.multitouch.distinct"
32-->[:unityLibrary] AndroidManifest.xml:23:9-72
33        android:required="false" /> <!-- Although the *SdkVersion is captured in gradle build files, this is required for non gradle builds -->
33-->[:unityLibrary] AndroidManifest.xml:24:9-33
34    <!-- <uses-sdk android:minSdkVersion="21"/> -->
35    <uses-permission android:name="android.permission.ACCESS_NETWORK_STATE" />
35-->[com.google.firebase:firebase-database:21.0.0] AndroidManifest.xml:22:5-79
35-->[com.google.firebase:firebase-database:21.0.0] AndroidManifest.xml:22:22-76
36    <uses-permission android:name="com.google.android.gms.permission.AD_ID" />
36-->[com.google.android.gms:play-services-ads-lite:23.2.0] AndroidManifest.xml:26:5-79
36-->[com.google.android.gms:play-services-ads-lite:23.2.0] AndroidManifest.xml:26:22-76
37    <uses-permission android:name="android.permission.ACCESS_ADSERVICES_AD_ID" />
37-->[com.google.android.gms:play-services-ads-lite:23.2.0] AndroidManifest.xml:27:5-82
37-->[com.google.android.gms:play-services-ads-lite:23.2.0] AndroidManifest.xml:27:22-79
38    <uses-permission android:name="android.permission.ACCESS_ADSERVICES_ATTRIBUTION" />
38-->[com.google.android.gms:play-services-ads-lite:23.2.0] AndroidManifest.xml:28:5-88
38-->[com.google.android.gms:play-services-ads-lite:23.2.0] AndroidManifest.xml:28:22-85
39    <uses-permission android:name="android.permission.ACCESS_ADSERVICES_TOPICS" /> <!-- Android package visibility setting -->
39-->[com.google.android.gms:play-services-ads-lite:23.2.0] AndroidManifest.xml:29:5-83
39-->[com.google.android.gms:play-services-ads-lite:23.2.0] AndroidManifest.xml:29:22-80
40    <queries>
40-->[com.google.android.gms:play-services-ads-lite:23.2.0] AndroidManifest.xml:35:5-51:15
41
42        <!-- For browser content -->
43        <intent>
43-->[com.google.android.gms:play-services-ads-lite:23.2.0] AndroidManifest.xml:38:9-44:18
44            <action android:name="android.intent.action.VIEW" />
44-->[com.google.firebase:firebase-auth:23.0.0] AndroidManifest.xml:36:17-69
44-->[com.google.firebase:firebase-auth:23.0.0] AndroidManifest.xml:36:25-66
45
46            <category android:name="android.intent.category.BROWSABLE" />
46-->[com.google.firebase:firebase-auth:23.0.0] AndroidManifest.xml:39:17-78
46-->[com.google.firebase:firebase-auth:23.0.0] AndroidManifest.xml:39:27-75
47
48            <data android:scheme="https" />
48-->[com.google.firebase:firebase-auth:23.0.0] AndroidManifest.xml:41:17-44:51
48-->[com.google.firebase:firebase-auth:23.0.0] AndroidManifest.xml:44:21-48
49        </intent>
50        <!-- End of browser content -->
51        <!-- For CustomTabsService -->
52        <intent>
52-->[com.google.android.gms:play-services-ads-lite:23.2.0] AndroidManifest.xml:47:9-49:18
53            <action android:name="android.support.customtabs.action.CustomTabsService" />
53-->[com.google.android.gms:play-services-ads-lite:23.2.0] AndroidManifest.xml:48:13-90
53-->[com.google.android.gms:play-services-ads-lite:23.2.0] AndroidManifest.xml:48:21-87
54        </intent>
55        <!-- End of CustomTabsService -->
56    </queries>
57
58    <uses-permission android:name="android.permission.WAKE_LOCK" />
58-->[com.google.android.gms:play-services-measurement-api:22.0.2] AndroidManifest.xml:24:5-68
58-->[com.google.android.gms:play-services-measurement-api:22.0.2] AndroidManifest.xml:24:22-65
59    <uses-permission android:name="com.google.android.finsky.permission.BIND_GET_INSTALL_REFERRER_SERVICE" />
59-->[com.google.android.gms:play-services-measurement:22.0.2] AndroidManifest.xml:26:5-110
59-->[com.google.android.gms:play-services-measurement:22.0.2] AndroidManifest.xml:26:22-107
60    <uses-permission android:name="com.google.android.providers.gsf.permission.READ_GSERVICES" />
60-->[com.google.android.recaptcha:recaptcha:18.4.0] AndroidManifest.xml:9:5-98
60-->[com.google.android.recaptcha:recaptcha:18.4.0] AndroidManifest.xml:9:22-95
61    <uses-permission android:name="android.permission.FOREGROUND_SERVICE" />
61-->[androidx.work:work-runtime:2.7.0] AndroidManifest.xml:28:5-77
61-->[androidx.work:work-runtime:2.7.0] AndroidManifest.xml:28:22-74
62
63    <permission
63-->[androidx.core:core:1.9.0] AndroidManifest.xml:22:5-24:47
64        android:name="com.google.firebase.com.DYNAMIC_RECEIVER_NOT_EXPORTED_PERMISSION"
64-->[androidx.core:core:1.9.0] AndroidManifest.xml:23:9-81
65        android:protectionLevel="signature" />
65-->[androidx.core:core:1.9.0] AndroidManifest.xml:24:9-44
66
67    <uses-permission android:name="com.google.firebase.com.DYNAMIC_RECEIVER_NOT_EXPORTED_PERMISSION" />
67-->[androidx.core:core:1.9.0] AndroidManifest.xml:26:5-97
67-->[androidx.core:core:1.9.0] AndroidManifest.xml:26:22-94
68
69    <application
69-->src\main\AndroidManifest.xml:3:3-83
70        android:appComponentFactory="androidx.core.app.CoreComponentFactory"
70-->[androidx.core:core:1.9.0] AndroidManifest.xml:28:18-86
71        android:extractNativeLibs="true"
71-->[:unityLibrary] AndroidManifest.xml:26:18-50
72        android:icon="@mipmap/app_icon"
72-->src\main\AndroidManifest.xml:3:49-80
73        android:label="@string/app_name" >
73-->src\main\AndroidManifest.xml:3:16-48
74        <meta-data
74-->[:unityLibrary] AndroidManifest.xml:27:9-29:33
75            android:name="unity.splash-mode"
75-->[:unityLibrary] AndroidManifest.xml:28:13-45
76            android:value="0" />
76-->[:unityLibrary] AndroidManifest.xml:29:13-30
77        <meta-data
77-->[:unityLibrary] AndroidManifest.xml:30:9-32:36
78            android:name="unity.splash-enable"
78-->[:unityLibrary] AndroidManifest.xml:31:13-47
79            android:value="True" />
79-->[:unityLibrary] AndroidManifest.xml:32:13-33
80        <meta-data
80-->[:unityLibrary] AndroidManifest.xml:33:9-35:36
81            android:name="unity.launch-fullscreen"
81-->[:unityLibrary] AndroidManifest.xml:34:13-51
82            android:value="True" />
82-->[:unityLibrary] AndroidManifest.xml:35:13-33
83        <meta-data
83-->[:unityLibrary] AndroidManifest.xml:36:9-38:37
84            android:name="unity.allow-resizable-window"
84-->[:unityLibrary] AndroidManifest.xml:37:13-56
85            android:value="False" />
85-->[:unityLibrary] AndroidManifest.xml:38:13-34
86        <meta-data
86-->[:unityLibrary] AndroidManifest.xml:39:9-41:50
87            android:name="notch.config"
87-->[:unityLibrary] AndroidManifest.xml:40:13-40
88            android:value="portrait|landscape" />
88-->[:unityLibrary] AndroidManifest.xml:41:13-47
89        <meta-data
89-->[:unityLibrary] AndroidManifest.xml:42:9-44:36
90            android:name="unity.auto-report-fully-drawn"
90-->[:unityLibrary] AndroidManifest.xml:43:13-57
91            android:value="true" />
91-->[:unityLibrary] AndroidManifest.xml:44:13-33
92
93        <activity
93-->[:unityLibrary] AndroidManifest.xml:46:9-67:20
94            android:name="com.unity3d.player.UnityPlayerActivity"
94-->[:unityLibrary] AndroidManifest.xml:47:13-66
95            android:configChanges="mcc|mnc|locale|touchscreen|keyboard|keyboardHidden|navigation|orientation|screenLayout|uiMode|screenSize|smallestScreenSize|fontScale|layoutDirection|density"
95-->[:unityLibrary] AndroidManifest.xml:48:13-194
96            android:exported="true"
96-->[:unityLibrary] AndroidManifest.xml:49:13-36
97            android:hardwareAccelerated="false"
97-->[:unityLibrary] AndroidManifest.xml:50:13-48
98            android:launchMode="singleTask"
98-->[:unityLibrary] AndroidManifest.xml:51:13-44
99            android:resizeableActivity="false"
99-->[:unityLibrary] AndroidManifest.xml:52:13-47
100            android:screenOrientation="portrait"
100-->[:unityLibrary] AndroidManifest.xml:53:13-49
101            android:theme="@style/UnityThemeSelector" >
101-->[:unityLibrary] AndroidManifest.xml:54:13-54
102            <intent-filter>
102-->[:unityLibrary] AndroidManifest.xml:55:13-59:29
103                <category android:name="android.intent.category.LAUNCHER" />
103-->[:unityLibrary] AndroidManifest.xml:56:17-77
103-->[:unityLibrary] AndroidManifest.xml:56:27-74
104
105                <action android:name="android.intent.action.MAIN" />
105-->[:unityLibrary] AndroidManifest.xml:58:17-69
105-->[:unityLibrary] AndroidManifest.xml:58:25-66
106            </intent-filter>
107
108            <meta-data
108-->[:unityLibrary] AndroidManifest.xml:61:13-63:40
109                android:name="unityplayer.UnityActivity"
109-->[:unityLibrary] AndroidManifest.xml:62:17-57
110                android:value="true" />
110-->[:unityLibrary] AndroidManifest.xml:63:17-37
111            <meta-data
111-->[:unityLibrary] AndroidManifest.xml:64:13-66:40
112                android:name="notch_support"
112-->[:unityLibrary] AndroidManifest.xml:65:17-45
113                android:value="true" />
113-->[:unityLibrary] AndroidManifest.xml:66:17-37
114        </activity>
115
116        <service
116-->[com.google.firebase:firebase-database:21.0.0] AndroidManifest.xml:26:9-35:19
117            android:name="com.google.firebase.components.ComponentDiscoveryService"
117-->[com.google.firebase:firebase-database:21.0.0] AndroidManifest.xml:27:13-84
118            android:directBootAware="true"
118-->[com.google.firebase:firebase-common:21.0.0] AndroidManifest.xml:32:13-43
119            android:exported="false" >
119-->[com.google.firebase:firebase-database:21.0.0] AndroidManifest.xml:28:13-37
120            <meta-data
120-->[com.google.firebase:firebase-database:21.0.0] AndroidManifest.xml:29:13-31:85
121                android:name="com.google.firebase.components:com.google.firebase.database.FirebaseDatabaseKtxRegistrar"
121-->[com.google.firebase:firebase-database:21.0.0] AndroidManifest.xml:30:17-120
122                android:value="com.google.firebase.components.ComponentRegistrar" />
122-->[com.google.firebase:firebase-database:21.0.0] AndroidManifest.xml:31:17-82
123            <meta-data
123-->[com.google.firebase:firebase-database:21.0.0] AndroidManifest.xml:32:13-34:85
124                android:name="com.google.firebase.components:com.google.firebase.database.DatabaseRegistrar"
124-->[com.google.firebase:firebase-database:21.0.0] AndroidManifest.xml:33:17-109
125                android:value="com.google.firebase.components.ComponentRegistrar" />
125-->[com.google.firebase:firebase-database:21.0.0] AndroidManifest.xml:34:17-82
126            <meta-data
126-->[com.google.firebase:firebase-auth:23.0.0] AndroidManifest.xml:69:13-71:85
127                android:name="com.google.firebase.components:com.google.firebase.auth.FirebaseAuthRegistrar"
127-->[com.google.firebase:firebase-auth:23.0.0] AndroidManifest.xml:70:17-109
128                android:value="com.google.firebase.components.ComponentRegistrar" />
128-->[com.google.firebase:firebase-auth:23.0.0] AndroidManifest.xml:71:17-82
129            <meta-data
129-->[com.google.android.gms:play-services-measurement-api:22.0.2] AndroidManifest.xml:37:13-39:85
130                android:name="com.google.firebase.components:com.google.firebase.analytics.connector.internal.AnalyticsConnectorRegistrar"
130-->[com.google.android.gms:play-services-measurement-api:22.0.2] AndroidManifest.xml:38:17-139
131                android:value="com.google.firebase.components.ComponentRegistrar" />
131-->[com.google.android.gms:play-services-measurement-api:22.0.2] AndroidManifest.xml:39:17-82
132            <meta-data
132-->[com.google.firebase:firebase-common-ktx:21.0.0] AndroidManifest.xml:12:13-14:85
133                android:name="com.google.firebase.components:com.google.firebase.ktx.FirebaseCommonLegacyRegistrar"
133-->[com.google.firebase:firebase-common-ktx:21.0.0] AndroidManifest.xml:13:17-116
134                android:value="com.google.firebase.components.ComponentRegistrar" />
134-->[com.google.firebase:firebase-common-ktx:21.0.0] AndroidManifest.xml:14:17-82
135            <meta-data
135-->[com.google.firebase:firebase-installations:17.0.1] AndroidManifest.xml:18:13-20:85
136                android:name="com.google.firebase.components:com.google.firebase.installations.FirebaseInstallationsRegistrar"
136-->[com.google.firebase:firebase-installations:17.0.1] AndroidManifest.xml:19:17-127
137                android:value="com.google.firebase.components.ComponentRegistrar" />
137-->[com.google.firebase:firebase-installations:17.0.1] AndroidManifest.xml:20:17-82
138            <meta-data
138-->[com.google.firebase:firebase-common:21.0.0] AndroidManifest.xml:35:13-37:85
139                android:name="com.google.firebase.components:com.google.firebase.FirebaseCommonKtxRegistrar"
139-->[com.google.firebase:firebase-common:21.0.0] AndroidManifest.xml:36:17-109
140                android:value="com.google.firebase.components.ComponentRegistrar" />
140-->[com.google.firebase:firebase-common:21.0.0] AndroidManifest.xml:37:17-82
141        </service>
142
143        <activity
143-->[com.google.firebase:firebase-auth:23.0.0] AndroidManifest.xml:29:9-46:20
144            android:name="com.google.firebase.auth.internal.GenericIdpActivity"
144-->[com.google.firebase:firebase-auth:23.0.0] AndroidManifest.xml:30:13-80
145            android:excludeFromRecents="true"
145-->[com.google.firebase:firebase-auth:23.0.0] AndroidManifest.xml:31:13-46
146            android:exported="true"
146-->[com.google.firebase:firebase-auth:23.0.0] AndroidManifest.xml:32:13-36
147            android:launchMode="singleTask"
147-->[com.google.firebase:firebase-auth:23.0.0] AndroidManifest.xml:33:13-44
148            android:theme="@android:style/Theme.Translucent.NoTitleBar" >
148-->[com.google.firebase:firebase-auth:23.0.0] AndroidManifest.xml:34:13-72
149            <intent-filter>
149-->[com.google.firebase:firebase-auth:23.0.0] AndroidManifest.xml:35:13-45:29
150                <action android:name="android.intent.action.VIEW" />
150-->[com.google.firebase:firebase-auth:23.0.0] AndroidManifest.xml:36:17-69
150-->[com.google.firebase:firebase-auth:23.0.0] AndroidManifest.xml:36:25-66
151
152                <category android:name="android.intent.category.DEFAULT" />
152-->[com.google.firebase:firebase-auth:23.0.0] AndroidManifest.xml:38:17-76
152-->[com.google.firebase:firebase-auth:23.0.0] AndroidManifest.xml:38:27-73
153                <category android:name="android.intent.category.BROWSABLE" />
153-->[com.google.firebase:firebase-auth:23.0.0] AndroidManifest.xml:39:17-78
153-->[com.google.firebase:firebase-auth:23.0.0] AndroidManifest.xml:39:27-75
154
155                <data
155-->[com.google.firebase:firebase-auth:23.0.0] AndroidManifest.xml:41:17-44:51
156                    android:host="firebase.auth"
156-->[com.google.firebase:firebase-auth:23.0.0] AndroidManifest.xml:42:21-49
157                    android:path="/"
157-->[com.google.firebase:firebase-auth:23.0.0] AndroidManifest.xml:43:21-37
158                    android:scheme="genericidp" />
158-->[com.google.firebase:firebase-auth:23.0.0] AndroidManifest.xml:44:21-48
159            </intent-filter>
160        </activity>
161        <activity
161-->[com.google.firebase:firebase-auth:23.0.0] AndroidManifest.xml:47:9-64:20
162            android:name="com.google.firebase.auth.internal.RecaptchaActivity"
162-->[com.google.firebase:firebase-auth:23.0.0] AndroidManifest.xml:48:13-79
163            android:excludeFromRecents="true"
163-->[com.google.firebase:firebase-auth:23.0.0] AndroidManifest.xml:49:13-46
164            android:exported="true"
164-->[com.google.firebase:firebase-auth:23.0.0] AndroidManifest.xml:50:13-36
165            android:launchMode="singleTask"
165-->[com.google.firebase:firebase-auth:23.0.0] AndroidManifest.xml:51:13-44
166            android:theme="@android:style/Theme.Translucent.NoTitleBar" >
166-->[com.google.firebase:firebase-auth:23.0.0] AndroidManifest.xml:52:13-72
167            <intent-filter>
167-->[com.google.firebase:firebase-auth:23.0.0] AndroidManifest.xml:53:13-63:29
168                <action android:name="android.intent.action.VIEW" />
168-->[com.google.firebase:firebase-auth:23.0.0] AndroidManifest.xml:36:17-69
168-->[com.google.firebase:firebase-auth:23.0.0] AndroidManifest.xml:36:25-66
169
170                <category android:name="android.intent.category.DEFAULT" />
170-->[com.google.firebase:firebase-auth:23.0.0] AndroidManifest.xml:38:17-76
170-->[com.google.firebase:firebase-auth:23.0.0] AndroidManifest.xml:38:27-73
171                <category android:name="android.intent.category.BROWSABLE" />
171-->[com.google.firebase:firebase-auth:23.0.0] AndroidManifest.xml:39:17-78
171-->[com.google.firebase:firebase-auth:23.0.0] AndroidManifest.xml:39:27-75
172
173                <data
173-->[com.google.firebase:firebase-auth:23.0.0] AndroidManifest.xml:41:17-44:51
174                    android:host="firebase.auth"
174-->[com.google.firebase:firebase-auth:23.0.0] AndroidManifest.xml:42:21-49
175                    android:path="/"
175-->[com.google.firebase:firebase-auth:23.0.0] AndroidManifest.xml:43:21-37
176                    android:scheme="recaptcha" />
176-->[com.google.firebase:firebase-auth:23.0.0] AndroidManifest.xml:44:21-48
177            </intent-filter>
178        </activity>
179
180        <service
180-->[androidx.credentials:credentials-play-services-auth:1.2.0-rc01] AndroidManifest.xml:24:9-32:19
181            android:name="androidx.credentials.playservices.CredentialProviderMetadataHolder"
181-->[androidx.credentials:credentials-play-services-auth:1.2.0-rc01] AndroidManifest.xml:25:13-94
182            android:enabled="true"
182-->[androidx.credentials:credentials-play-services-auth:1.2.0-rc01] AndroidManifest.xml:26:13-35
183            android:exported="false" >
183-->[androidx.credentials:credentials-play-services-auth:1.2.0-rc01] AndroidManifest.xml:27:13-37
184            <meta-data
184-->[androidx.credentials:credentials-play-services-auth:1.2.0-rc01] AndroidManifest.xml:29:13-31:104
185                android:name="androidx.credentials.CREDENTIAL_PROVIDER_KEY"
185-->[androidx.credentials:credentials-play-services-auth:1.2.0-rc01] AndroidManifest.xml:30:17-76
186                android:value="androidx.credentials.playservices.CredentialProviderPlayServicesImpl" />
186-->[androidx.credentials:credentials-play-services-auth:1.2.0-rc01] AndroidManifest.xml:31:17-101
187        </service>
188
189        <activity
189-->[androidx.credentials:credentials-play-services-auth:1.2.0-rc01] AndroidManifest.xml:34:9-41:20
190            android:name="androidx.credentials.playservices.HiddenActivity"
190-->[androidx.credentials:credentials-play-services-auth:1.2.0-rc01] AndroidManifest.xml:35:13-76
191            android:configChanges="orientation|screenSize|screenLayout|keyboardHidden"
191-->[androidx.credentials:credentials-play-services-auth:1.2.0-rc01] AndroidManifest.xml:36:13-87
192            android:enabled="true"
192-->[androidx.credentials:credentials-play-services-auth:1.2.0-rc01] AndroidManifest.xml:37:13-35
193            android:exported="false"
193-->[androidx.credentials:credentials-play-services-auth:1.2.0-rc01] AndroidManifest.xml:38:13-37
194            android:fitsSystemWindows="true"
194-->[androidx.credentials:credentials-play-services-auth:1.2.0-rc01] AndroidManifest.xml:39:13-45
195            android:theme="@style/Theme.Hidden" >
195-->[androidx.credentials:credentials-play-services-auth:1.2.0-rc01] AndroidManifest.xml:40:13-48
196        </activity>
197        <activity
197-->[com.google.android.gms:play-services-auth:20.7.0] AndroidManifest.xml:23:9-27:75
198            android:name="com.google.android.gms.auth.api.signin.internal.SignInHubActivity"
198-->[com.google.android.gms:play-services-auth:20.7.0] AndroidManifest.xml:24:13-93
199            android:excludeFromRecents="true"
199-->[com.google.android.gms:play-services-auth:20.7.0] AndroidManifest.xml:25:13-46
200            android:exported="false"
200-->[com.google.android.gms:play-services-auth:20.7.0] AndroidManifest.xml:26:13-37
201            android:theme="@android:style/Theme.Translucent.NoTitleBar" />
201-->[com.google.android.gms:play-services-auth:20.7.0] AndroidManifest.xml:27:13-72
202        <!--
203            Service handling Google Sign-In user revocation. For apps that do not integrate with
204            Google Sign-In, this service will never be started.
205        -->
206        <service
206-->[com.google.android.gms:play-services-auth:20.7.0] AndroidManifest.xml:33:9-37:51
207            android:name="com.google.android.gms.auth.api.signin.RevocationBoundService"
207-->[com.google.android.gms:play-services-auth:20.7.0] AndroidManifest.xml:34:13-89
208            android:exported="true"
208-->[com.google.android.gms:play-services-auth:20.7.0] AndroidManifest.xml:35:13-36
209            android:permission="com.google.android.gms.auth.api.signin.permission.REVOCATION_NOTIFICATION"
209-->[com.google.android.gms:play-services-auth:20.7.0] AndroidManifest.xml:36:13-107
210            android:visibleToInstantApps="true" />
210-->[com.google.android.gms:play-services-auth:20.7.0] AndroidManifest.xml:37:13-48
211
212        <activity
212-->[com.google.android.gms:play-services-base:18.5.0] AndroidManifest.xml:5:9-173
213            android:name="com.google.android.gms.common.api.GoogleApiActivity"
213-->[com.google.android.gms:play-services-base:18.5.0] AndroidManifest.xml:5:19-85
214            android:exported="false"
214-->[com.google.android.gms:play-services-base:18.5.0] AndroidManifest.xml:5:146-170
215            android:theme="@android:style/Theme.Translucent.NoTitleBar" /> <!-- Include the AdActivity and InAppPurchaseActivity configChanges and themes. -->
215-->[com.google.android.gms:play-services-base:18.5.0] AndroidManifest.xml:5:86-145
216        <activity
216-->[com.google.android.gms:play-services-ads-lite:23.2.0] AndroidManifest.xml:56:9-61:43
217            android:name="com.google.android.gms.ads.AdActivity"
217-->[com.google.android.gms:play-services-ads-lite:23.2.0] AndroidManifest.xml:57:13-65
218            android:configChanges="keyboard|keyboardHidden|orientation|screenLayout|uiMode|screenSize|smallestScreenSize"
218-->[com.google.android.gms:play-services-ads-lite:23.2.0] AndroidManifest.xml:58:13-122
219            android:exported="false"
219-->[com.google.android.gms:play-services-ads-lite:23.2.0] AndroidManifest.xml:59:13-37
220            android:theme="@android:style/Theme.Translucent" />
220-->[com.google.android.gms:play-services-ads-lite:23.2.0] AndroidManifest.xml:60:13-61
221
222        <provider
222-->[com.google.android.gms:play-services-ads-lite:23.2.0] AndroidManifest.xml:63:9-68:43
223            android:name="com.google.android.gms.ads.MobileAdsInitProvider"
223-->[com.google.android.gms:play-services-ads-lite:23.2.0] AndroidManifest.xml:64:13-76
224            android:authorities="com.google.firebase.com.mobileadsinitprovider"
224-->[com.google.android.gms:play-services-ads-lite:23.2.0] AndroidManifest.xml:65:13-73
225            android:exported="false"
225-->[com.google.android.gms:play-services-ads-lite:23.2.0] AndroidManifest.xml:66:13-37
226            android:initOrder="100" />
226-->[com.google.android.gms:play-services-ads-lite:23.2.0] AndroidManifest.xml:67:13-36
227
228        <service
228-->[com.google.android.gms:play-services-ads-lite:23.2.0] AndroidManifest.xml:70:9-74:43
229            android:name="com.google.android.gms.ads.AdService"
229-->[com.google.android.gms:play-services-ads-lite:23.2.0] AndroidManifest.xml:71:13-64
230            android:enabled="true"
230-->[com.google.android.gms:play-services-ads-lite:23.2.0] AndroidManifest.xml:72:13-35
231            android:exported="false" />
231-->[com.google.android.gms:play-services-ads-lite:23.2.0] AndroidManifest.xml:73:13-37
232
233        <activity
233-->[com.google.android.gms:play-services-ads-lite:23.2.0] AndroidManifest.xml:76:9-80:43
234            android:name="com.google.android.gms.ads.OutOfContextTestingActivity"
234-->[com.google.android.gms:play-services-ads-lite:23.2.0] AndroidManifest.xml:77:13-82
235            android:configChanges="keyboard|keyboardHidden|orientation|screenLayout|uiMode|screenSize|smallestScreenSize"
235-->[com.google.android.gms:play-services-ads-lite:23.2.0] AndroidManifest.xml:78:13-122
236            android:exported="false" />
236-->[com.google.android.gms:play-services-ads-lite:23.2.0] AndroidManifest.xml:79:13-37
237        <activity
237-->[com.google.android.gms:play-services-ads-lite:23.2.0] AndroidManifest.xml:81:9-88:43
238            android:name="com.google.android.gms.ads.NotificationHandlerActivity"
238-->[com.google.android.gms:play-services-ads-lite:23.2.0] AndroidManifest.xml:82:13-82
239            android:excludeFromRecents="true"
239-->[com.google.android.gms:play-services-ads-lite:23.2.0] AndroidManifest.xml:83:13-46
240            android:exported="false"
240-->[com.google.android.gms:play-services-ads-lite:23.2.0] AndroidManifest.xml:84:13-37
241            android:launchMode="singleTask"
241-->[com.google.android.gms:play-services-ads-lite:23.2.0] AndroidManifest.xml:85:13-44
242            android:taskAffinity=""
242-->[com.google.android.gms:play-services-ads-lite:23.2.0] AndroidManifest.xml:86:13-36
243            android:theme="@android:style/Theme.Translucent.NoTitleBar" />
243-->[com.google.android.gms:play-services-ads-lite:23.2.0] AndroidManifest.xml:87:13-72
244
245        <property
245-->[com.google.android.gms:play-services-ads-lite:23.2.0] AndroidManifest.xml:90:9-92:62
246            android:name="android.adservices.AD_SERVICES_CONFIG"
246-->[com.google.android.gms:play-services-ads-lite:23.2.0] AndroidManifest.xml:91:13-65
247            android:resource="@xml/gma_ad_services_config" />
247-->[com.google.android.gms:play-services-ads-lite:23.2.0] AndroidManifest.xml:92:13-59
248        <property
248-->[com.google.android.gms:play-services-ads-lite:23.2.0] AndroidManifest.xml:90:9-92:62
249            android:name="android.adservices.AD_SERVICES_CONFIG"
249-->[com.google.android.gms:play-services-ads-lite:23.2.0] AndroidManifest.xml:91:13-65
250            android:resource="@xml/ga_ad_services_config" />
250-->[com.google.android.gms:play-services-ads-lite:23.2.0] AndroidManifest.xml:92:13-59
251
252        <provider
252-->[com.google.firebase:firebase-common:21.0.0] AndroidManifest.xml:23:9-28:39
253            android:name="com.google.firebase.provider.FirebaseInitProvider"
253-->[com.google.firebase:firebase-common:21.0.0] AndroidManifest.xml:24:13-77
254            android:authorities="com.google.firebase.com.firebaseinitprovider"
254-->[com.google.firebase:firebase-common:21.0.0] AndroidManifest.xml:25:13-72
255            android:directBootAware="true"
255-->[com.google.firebase:firebase-common:21.0.0] AndroidManifest.xml:26:13-43
256            android:exported="false"
256-->[com.google.firebase:firebase-common:21.0.0] AndroidManifest.xml:27:13-37
257            android:initOrder="100" />
257-->[com.google.firebase:firebase-common:21.0.0] AndroidManifest.xml:28:13-36
258
259        <uses-library
259-->[:unityLibrary:GoogleMobileAdsPlugin.androidlib] AndroidManifest.xml:12:9-14:40
260            android:name="org.apache.http.legacy"
260-->[:unityLibrary:GoogleMobileAdsPlugin.androidlib] AndroidManifest.xml:13:13-50
261            android:required="false" />
261-->[:unityLibrary:GoogleMobileAdsPlugin.androidlib] AndroidManifest.xml:14:13-37
262
263        <meta-data
263-->[:unityLibrary:GoogleMobileAdsPlugin.androidlib] AndroidManifest.xml:16:9-18:70
264            android:name="com.google.android.gms.ads.APPLICATION_ID"
264-->[:unityLibrary:GoogleMobileAdsPlugin.androidlib] AndroidManifest.xml:17:13-69
265            android:value="ca-app-pub-3940256099942544~3347511713" />